c:\users\kga_05\desktop\강유진\winapi\x64\debug\winapi.pch
c:\users\kga_05\desktop\강유진\winapi\x64\debug\vc143.pdb
c:\users\kga_05\desktop\강유진\winapi\x64\debug\vc143.idb
c:\users\kga_05\desktop\강유진\winapi\x64\debug\stdafx.obj
c:\users\kga_05\desktop\강유진\winapi\x64\debug\똥피하기.obj
c:\users\kga_05\desktop\강유진\winapi\x64\debug\winmain.obj
c:\users\kga_05\desktop\강유진\winapi\x64\debug\maingame.obj
c:\users\kga_05\desktop\강유진\winapi\x64\debug\keymanager.obj
c:\users\kga_05\desktop\강유진\winapi\x64\debug\iwindowmessage.obj
c:\users\kga_05\desktop\강유진\winapi\x64\debug\gamenode.obj
c:\users\kga_05\desktop\강유진\winapi\x64\debug\winapi.pdb
c:\users\kga_05\desktop\강유진\winapi\x64\debug\winapi.tlog\cl.command.1.tlog
c:\users\kga_05\desktop\강유진\winapi\x64\debug\winapi.tlog\cl.read.1.tlog
c:\users\kga_05\desktop\강유진\winapi\x64\debug\winapi.tlog\cl.write.1.tlog
c:\users\kga_05\desktop\강유진\winapi\x64\debug\winapi.tlog\link-cvtres.read.1.tlog
c:\users\kga_05\desktop\강유진\winapi\x64\debug\winapi.tlog\link-cvtres.write.1.tlog
c:\users\kga_05\desktop\강유진\winapi\x64\debug\winapi.tlog\link-rc.read.1.tlog
c:\users\kga_05\desktop\강유진\winapi\x64\debug\winapi.tlog\link-rc.write.1.tlog
c:\users\kga_05\desktop\강유진\winapi\x64\debug\winapi.tlog\link.command.1.tlog
c:\users\kga_05\desktop\강유진\winapi\x64\debug\winapi.tlog\link.read.1.tlog
c:\users\kga_05\desktop\강유진\winapi\x64\debug\winapi.tlog\link.read.2.tlog
c:\users\kga_05\desktop\강유진\winapi\x64\debug\winapi.tlog\link.write.1.tlog
